    #generation:          shortest_distance:          average_of_top_200:
           1              1.472036e+01                   1.764277e+01
           2              1.436996e+01                   1.672231e+01
           3              1.285203e+01                   1.577178e+01
           4              1.296958e+01                   1.514562e+01
           5              1.246614e+01                   1.468538e+01
           6              1.175005e+01                   1.414567e+01
           7              1.175005e+01                   1.362770e+01
           8              1.144042e+01                   1.311113e+01
           9              1.131463e+01                   1.264419e+01
          10              1.094600e+01                   1.222391e+01
          11              1.065176e+01                   1.199891e+01
          12              1.054347e+01                   1.165057e+01
          13              9.884668e+00                   1.128593e+01
          14              9.522144e+00                   1.097176e+01
          15              9.439570e+00                   1.071079e+01
          16              8.915861e+00                   1.022207e+01
          17              8.915861e+00                   9.856652e+00
          18              8.686083e+00                   9.545481e+00
          19              8.244231e+00                   9.337101e+00
          20              8.077116e+00                   9.119656e+00
          21              7.823549e+00                   8.792213e+00
          22              7.823549e+00                   8.461901e+00
          23              7.615491e+00                   8.217195e+00
          24              7.615491e+00                   8.036331e+00
          25              7.585423e+00                   7.942252e+00
          26              7.463487e+00                   7.814236e+00
          27              7.295256e+00                   7.690937e+00
          28              7.295256e+00                   7.728782e+00
          29              7.295256e+00                   7.700584e+00
          30              7.295256e+00                   7.569745e+00
          31              7.255470e+00                   7.493644e+00
          32              7.099459e+00                   7.416286e+00
          33              7.089258e+00                   7.423070e+00
          34              6.759749e+00                   7.494880e+00
          35              6.759749e+00                   7.509573e+00
          36              6.759749e+00                   7.569745e+00
          37              6.759749e+00                   7.627070e+00
          38              6.759749e+00                   7.533643e+00
          39              6.759749e+00                   7.410487e+00
          40              6.759749e+00                   7.136445e+00
          41              6.696622e+00                   7.022951e+00
          42              6.640949e+00                   6.842536e+00
          43              6.443789e+00                   6.942741e+00
          44              6.443789e+00                   6.983817e+00
          45              6.443789e+00                   6.985803e+00
          46              6.443789e+00                   6.980251e+00
          47              6.443789e+00                   6.821909e+00
          48              6.443789e+00                   6.791626e+00
          49              6.443789e+00                   6.711009e+00
          50              6.443789e+00                   6.584908e+00
          51              6.442898e+00                   6.536462e+00
          52              6.320175e+00                   6.501948e+00
          53              6.057638e+00                   6.624777e+00
          54              6.057638e+00                   6.621035e+00
          55              6.057638e+00                   6.632551e+00
          56              6.057638e+00                   6.509596e+00
          57              6.057638e+00                   6.435067e+00
          58              6.057638e+00                   6.222420e+00
          59              6.041309e+00                   6.174488e+00
          60              6.041309e+00                   6.126867e+00
          61              6.041309e+00                   6.130865e+00
          62              6.041309e+00                   6.100292e+00
          63              5.921875e+00                   6.078878e+00
          64              5.921875e+00                   6.092464e+00
          65              5.921875e+00                   6.141522e+00
          66              5.921875e+00                   6.204989e+00
          67              5.921875e+00                   6.289733e+00
          68              5.921875e+00                   6.299844e+00
          69              5.921875e+00                   6.304238e+00
          70              5.921875e+00                   6.226004e+00
          71              5.849739e+00                   6.178132e+00
          72              5.849739e+00                   6.149156e+00
          73              5.849739e+00                   6.055802e+00
          74              5.849739e+00                   5.989802e+00
          75              5.849739e+00                   5.890313e+00
          76              5.849739e+00                   5.878331e+00
          77              5.849739e+00                   5.866868e+00
          78              5.849739e+00                   5.868830e+00
          79              5.849739e+00                   5.893712e+00
          80              5.791417e+00                   5.903686e+00
          81              5.791417e+00                   5.861553e+00
          82              5.791417e+00                   5.877468e+00
          83              5.719572e+00                   5.859288e+00
          84              5.719572e+00                   5.897349e+00
          85              5.519723e+00                   5.860963e+00
          86              5.519723e+00                   5.876537e+00
          87              5.519723e+00                   5.727417e+00
          88              5.519723e+00                   5.677990e+00
          89              5.447839e+00                   5.610093e+00
          90              5.447839e+00                   5.560583e+00
          91              5.447839e+00                   5.578060e+00
          92              5.276716e+00                   5.497129e+00
          93              5.276716e+00                   5.502365e+00
          94              5.276716e+00                   5.527641e+00
          95              5.276716e+00                   5.486807e+00
          96              5.230172e+00                   5.398581e+00
          97              5.230172e+00                   5.377385e+00
          98              5.185372e+00                   5.328460e+00
          99              5.171504e+00                   5.280259e+00
         100              5.171504e+00                   5.333006e+00
         101              5.171504e+00                   5.306170e+00
         102              5.171504e+00                   5.247704e+00
         103              5.171504e+00                   5.337043e+00
         104              5.171504e+00                   5.294928e+00
         105              5.171504e+00                   5.208357e+00
         106              5.171504e+00                   5.192861e+00
         107              5.171504e+00                   5.207162e+00
         108              5.108932e+00                   5.180969e+00
         109              5.108932e+00                   5.170296e+00
         110              5.108932e+00                   5.154554e+00
         111              5.108932e+00                   5.139961e+00
         112              5.108932e+00                   5.134144e+00
         113              5.108932e+00                   5.117936e+00
         114              5.108932e+00                   5.146466e+00
         115              5.106187e+00                   5.170412e+00
         116              5.106187e+00                   5.173804e+00
         117              5.106187e+00                   5.161022e+00
         118              5.106187e+00                   5.151596e+00
         119              5.094674e+00                   5.184098e+00
         120              5.094674e+00                   5.136293e+00
         121              5.094674e+00                   5.121777e+00
         122              5.094674e+00                   5.101912e+00
         123              5.094674e+00                   5.116270e+00
         124              5.094674e+00                   5.108100e+00
         125              5.094674e+00                   5.168650e+00
         126              5.076884e+00                   5.149696e+00
         127              5.076884e+00                   5.107936e+00
         128              5.076884e+00                   5.119127e+00
         129              5.076884e+00                   5.090449e+00
         130              5.076884e+00                   5.083644e+00
         131              5.076884e+00                   5.083885e+00
         132              5.076884e+00                   5.091452e+00
         133              5.076884e+00                   5.086805e+00
         134              5.076884e+00                   5.085222e+00
         135              5.076884e+00                   5.127833e+00
         136              5.076884e+00                   5.133859e+00
         137              5.076884e+00                   5.082097e+00
         138              5.076884e+00                   5.082117e+00
         139              5.076884e+00                   5.076884e+00
         140              5.076884e+00                   5.076884e+00
         141              5.076884e+00                   5.076884e+00
         142              5.076884e+00                   5.076884e+00
         143              5.076884e+00                   5.076884e+00
         144              5.076884e+00                   5.077129e+00
         145              5.076884e+00                   5.076884e+00
         146              5.076884e+00                   5.076884e+00
         147              5.076884e+00                   5.076884e+00
         148              5.076884e+00                   5.076884e+00
         149              5.076884e+00                   5.076884e+00
         150              5.076884e+00                   5.076884e+00
         151              5.076884e+00                   5.081564e+00
         152              5.076884e+00                   5.088821e+00
         153              5.076884e+00                   5.082470e+00
         154              4.996578e+00                   5.077569e+00
         155              4.996578e+00                   5.074094e+00
         156              4.996578e+00                   5.090879e+00
         157              4.996578e+00                   5.058606e+00
         158              4.996578e+00                   5.036969e+00
         159              4.996578e+00                   5.023788e+00
         160              4.996578e+00                   5.048947e+00
         161              4.996578e+00                   5.070940e+00
         162              4.996578e+00                   4.997799e+00
         163              4.996578e+00                   5.022531e+00
         164              4.996578e+00                   5.076270e+00
         165              4.996578e+00                   5.026845e+00
         166              4.996578e+00                   4.997007e+00
         167              4.996578e+00                   5.065207e+00
         168              4.996578e+00                   5.000032e+00
         169              4.996578e+00                   4.996578e+00
         170              4.996578e+00                   4.996578e+00
         171              4.996578e+00                   4.996578e+00
         172              4.996578e+00                   4.996578e+00
         173              4.996578e+00                   4.996578e+00
         174              4.996578e+00                   4.997284e+00
         175              4.996578e+00                   4.996578e+00
         176              4.996578e+00                   4.996578e+00
         177              4.996578e+00                   4.996578e+00
         178              4.996578e+00                   4.996578e+00
         179              4.996578e+00                   5.003140e+00
         180              4.996578e+00                   4.996578e+00
         181              4.996578e+00                   5.003138e+00
         182              4.996578e+00                   5.003504e+00
         183              4.996578e+00                   5.002495e+00
         184              4.996578e+00                   5.033088e+00
         185              4.996578e+00                   5.030769e+00
         186              4.996578e+00                   5.010564e+00
         187              4.996578e+00                   4.996578e+00
         188              4.996578e+00                   4.996578e+00
         189              4.996578e+00                   4.996578e+00
         190              4.996578e+00                   4.996578e+00
         191              4.996578e+00                   4.996578e+00
         192              4.996578e+00                   4.996578e+00
         193              4.996578e+00                   4.996578e+00
         194              4.996578e+00                   4.996578e+00
         195              4.996578e+00                   4.996578e+00
         196              4.996578e+00                   5.001763e+00
         197              4.996578e+00                   5.004367e+00
         198              4.996578e+00                   5.044907e+00
         199              4.996578e+00                   5.046293e+00
         200              4.996578e+00                   5.026737e+00
         201              4.996578e+00                   5.019914e+00
         202              4.996578e+00                   5.043321e+00
         203              4.996578e+00                   5.015290e+00
         204              4.996578e+00                   5.030611e+00
         205              4.996578e+00                   5.050190e+00
         206              4.996578e+00                   5.027809e+00
         207              4.996578e+00                   4.998564e+00
         208              4.996578e+00                   4.999508e+00
         209              4.996578e+00                   5.011538e+00
         210              4.996578e+00                   5.005174e+00
         211              4.996578e+00                   5.006778e+00
         212              4.996578e+00                   5.017076e+00
         213              4.996578e+00                   5.015012e+00
         214              4.996578e+00                   5.014162e+00
         215              4.996578e+00                   5.033308e+00
         216              4.996578e+00                   5.012516e+00
         217              4.996578e+00                   5.000545e+00
         218              4.996578e+00                   4.998222e+00
         219              4.996578e+00                   5.079807e+00
         220              4.996578e+00                   5.007948e+00
         221              4.996578e+00                   5.000250e+00
         222              4.996578e+00                   5.000523e+00
         223              4.996578e+00                   4.996578e+00
         224              4.996578e+00                   4.996578e+00
         225              4.996578e+00                   4.996578e+00
         226              4.996578e+00                   4.996578e+00
         227              4.996578e+00                   4.996592e+00
         228              4.996578e+00                   4.996578e+00
         229              4.996578e+00                   4.996578e+00
         230              4.996578e+00                   4.996789e+00
         231              4.996578e+00                   4.996578e+00
         232              4.996578e+00                   4.996897e+00
         233              4.996578e+00                   4.996578e+00
         234              4.996578e+00                   5.001877e+00
         235              4.996578e+00                   5.038767e+00
         236              4.996578e+00                   5.009491e+00
         237              4.996578e+00                   4.999451e+00
         238              4.996578e+00                   4.999421e+00
         239              4.996578e+00                   5.017826e+00
         240              4.996578e+00                   4.998304e+00
         241              4.996578e+00                   4.996578e+00
         242              4.996578e+00                   4.996578e+00
         243              4.996578e+00                   4.996578e+00
         244              4.996578e+00                   4.996578e+00
         245              4.996578e+00                   4.996578e+00
         246              4.996578e+00                   4.996578e+00
         247              4.996578e+00                   4.996578e+00
         248              4.996578e+00                   4.996578e+00
         249              4.996578e+00                   4.996860e+00
         250              4.996578e+00                   4.996578e+00
         251              4.996578e+00                   4.996578e+00
         252              4.996578e+00                   4.996578e+00
         253              4.996578e+00                   4.996578e+00
         254              4.996578e+00                   4.996578e+00
         255              4.996578e+00                   4.996578e+00
         256              4.996578e+00                   4.996578e+00
         257              4.996578e+00                   4.996578e+00
         258              4.996578e+00                   5.020278e+00
         259              4.996578e+00                   5.000299e+00
         260              4.996578e+00                   4.996578e+00
         261              4.996578e+00                   4.999653e+00
         262              4.996578e+00                   5.036735e+00
         263              4.996578e+00                   5.076425e+00
         264              4.996578e+00                   5.067012e+00
         265              4.996578e+00                   5.059332e+00
         266              4.996578e+00                   5.066459e+00
         267              4.996578e+00                   5.052709e+00
         268              4.996578e+00                   5.032702e+00
         269              4.996578e+00                   5.022270e+00
         270              4.996578e+00                   4.999440e+00
         271              4.996578e+00                   4.996880e+00
         272              4.996578e+00                   4.998425e+00
         273              4.996578e+00                   5.054337e+00
         274              4.996578e+00                   5.039372e+00
         275              4.996578e+00                   4.996578e+00
         276              4.996578e+00                   4.998115e+00
         277              4.996578e+00                   5.000582e+00
         278              4.996578e+00                   4.996578e+00
         279              4.996578e+00                   5.006791e+00
         280              4.996578e+00                   4.998089e+00
         281              4.996578e+00                   5.025435e+00
         282              4.996578e+00                   5.023136e+00
         283              4.996578e+00                   5.006494e+00
         284              4.996578e+00                   5.001636e+00
         285              4.996578e+00                   4.996578e+00
         286              4.996578e+00                   4.996578e+00
         287              4.996578e+00                   5.008168e+00
         288              4.996578e+00                   5.024771e+00
         289              4.996578e+00                   5.005422e+00
         290              4.996578e+00                   4.998541e+00
         291              4.996578e+00                   4.996578e+00
         292              4.996578e+00                   4.996578e+00
         293              4.996578e+00                   4.996578e+00
         294              4.996578e+00                   4.996578e+00
         295              4.996578e+00                   4.996578e+00
         296              4.996578e+00                   4.996578e+00
         297              4.996578e+00                   4.996578e+00
         298              4.996578e+00                   5.005686e+00
         299              4.996578e+00                   5.026297e+00
         300              4.996578e+00                   4.998599e+00
         301              4.996578e+00                   4.996578e+00
         302              4.996578e+00                   4.996578e+00
         303              4.996578e+00                   4.996578e+00
         304              4.996578e+00                   5.051716e+00
         305              4.996578e+00                   5.081238e+00
         306              4.996578e+00                   5.020716e+00
         307              4.996578e+00                   5.036119e+00
         308              4.996578e+00                   5.013754e+00
         309              4.996578e+00                   5.029936e+00
         310              4.996578e+00                   5.029905e+00
         311              4.996578e+00                   4.997238e+00
         312              4.996578e+00                   4.996578e+00
         313              4.996578e+00                   4.996578e+00
         314              4.996578e+00                   4.996578e+00
         315              4.996578e+00                   5.000688e+00
         316              4.996578e+00                   4.996578e+00
         317              4.996578e+00                   4.996578e+00
         318              4.996578e+00                   5.005061e+00
         319              4.996578e+00                   4.996578e+00
         320              4.996578e+00                   4.996578e+00
         321              4.996578e+00                   4.996578e+00
         322              4.996578e+00                   5.042812e+00
         323              4.996578e+00                   5.014042e+00
         324              4.996578e+00                   5.000094e+00
         325              4.996578e+00                   5.000276e+00
         326              4.996578e+00                   5.003846e+00
         327              4.996578e+00                   5.009417e+00
         328              4.996578e+00                   5.012264e+00
         329              4.996578e+00                   5.007848e+00
         330              4.996578e+00                   5.005297e+00
         331              4.996578e+00                   5.003689e+00
         332              4.996578e+00                   5.029484e+00
         333              4.996578e+00                   5.075903e+00
         334              4.996578e+00                   5.008134e+00
         335              4.996578e+00                   5.005841e+00
         336              4.996578e+00                   4.997978e+00
         337              4.996578e+00                   4.999949e+00
         338              4.996578e+00                   5.041114e+00
         339              4.996578e+00                   5.047069e+00
         340              4.996578e+00                   5.053720e+00
         341              4.996578e+00                   5.051597e+00
         342              4.996578e+00                   5.017958e+00
         343              4.996578e+00                   5.023232e+00
         344              4.996578e+00                   5.040404e+00
         345              4.996578e+00                   5.047237e+00
         346              4.996578e+00                   5.053677e+00
         347              4.996578e+00                   5.014241e+00
         348              4.996578e+00                   5.009293e+00
         349              4.996578e+00                   5.000709e+00
         350              4.996578e+00                   4.996578e+00
         351              4.996578e+00                   4.996578e+00
         352              4.996578e+00                   4.996578e+00
         353              4.996578e+00                   5.004335e+00
         354              4.996578e+00                   5.022154e+00
         355              4.996578e+00                   5.034270e+00
         356              4.996578e+00                   5.004839e+00
         357              4.996578e+00                   5.000425e+00
         358              4.996578e+00                   5.003715e+00
         359              4.996578e+00                   4.998478e+00
         360              4.996578e+00                   4.996578e+00
         361              4.996578e+00                   4.998605e+00
         362              4.996578e+00                   4.996578e+00
         363              4.996578e+00                   4.996578e+00
         364              4.996578e+00                   4.996578e+00
         365              4.996578e+00                   4.996578e+00
         366              4.996578e+00                   4.997035e+00
         367              4.996578e+00                   4.996578e+00
         368              4.996578e+00                   4.996578e+00
         369              4.996578e+00                   4.996578e+00
         370              4.996578e+00                   5.039254e+00
         371              4.996578e+00                   5.005749e+00
         372              4.996578e+00                   5.017916e+00
         373              4.996578e+00                   5.031944e+00
         374              4.996578e+00                   5.024864e+00
         375              4.996578e+00                   5.065927e+00
         376              4.996578e+00                   5.044714e+00
         377              4.996578e+00                   5.038780e+00
         378              4.996578e+00                   5.011162e+00
         379              4.996578e+00                   5.023076e+00
         380              4.996578e+00                   5.004080e+00
         381              4.996578e+00                   4.996578e+00
         382              4.996578e+00                   5.008518e+00
         383              4.996578e+00                   5.004274e+00
         384              4.996578e+00                   4.996578e+00
         385              4.996578e+00                   4.996578e+00
         386              4.996578e+00                   4.996578e+00
         387              4.996578e+00                   4.996578e+00
         388              4.996578e+00                   4.996578e+00
         389              4.996578e+00                   5.008397e+00
         390              4.996578e+00                   4.997082e+00
         391              4.996578e+00                   4.996578e+00
         392              4.996578e+00                   4.996578e+00
         393              4.996578e+00                   4.996578e+00
         394              4.996578e+00                   4.996981e+00
         395              4.996578e+00                   4.996578e+00
         396              4.996578e+00                   4.998774e+00
         397              4.996578e+00                   4.996592e+00
         398              4.996578e+00                   5.001405e+00
         399              4.996578e+00                   4.996619e+00
         400              4.996578e+00                   5.006632e+00
         401              4.996578e+00                   5.048012e+00
         402              4.996578e+00                   5.033819e+00
         403              4.996578e+00                   5.007645e+00
         404              4.996578e+00                   5.000869e+00
         405              4.996578e+00                   5.033026e+00
         406              4.996578e+00                   5.031761e+00
         407              4.996578e+00                   5.076719e+00
         408              4.996578e+00                   5.070441e+00
         409              4.996578e+00                   5.066788e+00
         410              4.996578e+00                   5.025921e+00
         411              4.996578e+00                   5.020217e+00
         412              4.996578e+00                   5.005131e+00
         413              4.996578e+00                   5.039227e+00
         414              4.996578e+00                   4.999915e+00
         415              4.996578e+00                   4.996587e+00
         416              4.996578e+00                   4.998594e+00
         417              4.996578e+00                   4.997186e+00
         418              4.996578e+00                   5.007810e+00
         419              4.996578e+00                   5.049579e+00
         420              4.996578e+00                   5.088684e+00
         421              4.996578e+00                   5.054358e+00
         422              4.996578e+00                   5.017480e+00
         423              4.996578e+00                   5.035248e+00
         424              4.996578e+00                   5.015739e+00
         425              4.996578e+00                   5.028595e+00
         426              4.996578e+00                   5.010085e+00
         427              4.996578e+00                   5.005522e+00
         428              4.996578e+00                   5.032515e+00
         429              4.996578e+00                   5.062051e+00
         430              4.996578e+00                   4.997023e+00
         431              4.996578e+00                   4.996578e+00
         432              4.996578e+00                   4.996578e+00
         433              4.996578e+00                   4.996578e+00
         434              4.996578e+00                   4.996578e+00
         435              4.996578e+00                   4.996578e+00
         436              4.996578e+00                   4.996578e+00
         437              4.996578e+00                   4.996578e+00
         438              4.996578e+00                   4.997209e+00
         439              4.996578e+00                   4.996578e+00
         440              4.996578e+00                   4.999467e+00
         441              4.996578e+00                   4.998754e+00
         442              4.996578e+00                   5.001714e+00
         443              4.996578e+00                   5.010731e+00
         444              4.996578e+00                   4.996578e+00
         445              4.996578e+00                   4.996592e+00
         446              4.996578e+00                   5.017082e+00
         447              4.996578e+00                   4.999686e+00
         448              4.996578e+00                   4.996578e+00
         449              4.996578e+00                   4.996660e+00
         450              4.996578e+00                   5.001990e+00
         451              4.996578e+00                   4.996578e+00
         452              4.996578e+00                   5.006095e+00
         453              4.996578e+00                   5.006761e+00
         454              4.996578e+00                   4.997301e+00
         455              4.996578e+00                   5.015845e+00
         456              4.996578e+00                   5.021096e+00
         457              4.996578e+00                   4.997164e+00
         458              4.996578e+00                   4.996578e+00
         459              4.996578e+00                   4.996578e+00
         460              4.996578e+00                   4.999418e+00
         461              4.996578e+00                   5.004447e+00
         462              4.996578e+00                   4.996836e+00
         463              4.996578e+00                   5.003760e+00
         464              4.996578e+00                   4.998678e+00
         465              4.996578e+00                   5.003900e+00
         466              4.996578e+00                   5.059082e+00
         467              4.996578e+00                   5.087599e+00
         468              4.996578e+00                   5.012542e+00
         469              4.996578e+00                   5.027864e+00
         470              4.996578e+00                   5.034239e+00
         471              4.996578e+00                   5.050238e+00
         472              4.996578e+00                   5.020778e+00
         473              4.996578e+00                   5.037888e+00
         474              4.996578e+00                   5.011246e+00
         475              4.996578e+00                   4.996578e+00
         476              4.996578e+00                   4.997214e+00
         477              4.996578e+00                   4.998577e+00
         478              4.996578e+00                   5.023353e+00
         479              4.996578e+00                   4.996738e+00
         480              4.996578e+00                   5.014223e+00
         481              4.996578e+00                   5.032705e+00
         482              4.996578e+00                   5.002949e+00
         483              4.996578e+00                   4.996647e+00
         484              4.996578e+00                   5.002260e+00
         485              4.996578e+00                   5.030584e+00
         486              4.996578e+00                   5.045197e+00
         487              4.996578e+00                   5.000781e+00
         488              4.996578e+00                   4.996578e+00
         489              4.996578e+00                   5.004495e+00
         490              4.996578e+00                   4.996578e+00
         491              4.996578e+00                   4.998927e+00
         492              4.996578e+00                   4.996578e+00
         493              4.996578e+00                   4.996578e+00
         494              4.996578e+00                   4.996578e+00
         495              4.996578e+00                   4.996578e+00
         496              4.996578e+00                   4.996578e+00
         497              4.996578e+00                   4.996578e+00
         498              4.996578e+00                   5.012588e+00
         499              4.996578e+00                   4.998439e+00
         500              4.996578e+00                   4.996578e+00
         501              4.996578e+00                   4.996578e+00
         502              4.996578e+00                   5.000460e+00
         503              4.996578e+00                   4.996578e+00
         504              4.996578e+00                   4.997728e+00
         505              4.996578e+00                   4.996578e+00
         506              4.996578e+00                   5.040125e+00
         507              4.996578e+00                   5.003202e+00
         508              4.996578e+00                   5.027471e+00
         509              4.996578e+00                   5.028850e+00
         510              4.996578e+00                   5.009850e+00
         511              4.996578e+00                   5.004189e+00
         512              4.996578e+00                   5.000472e+00
         513              4.996578e+00                   4.997698e+00
         514              4.996578e+00                   4.996756e+00
         515              4.996578e+00                   5.026215e+00
         516              4.996578e+00                   5.001187e+00
         517              4.996578e+00                   4.996578e+00
         518              4.996578e+00                   5.004886e+00
         519              4.996578e+00                   5.034164e+00
         520              4.996578e+00                   5.003565e+00
         521              4.996578e+00                   5.067211e+00
         522              4.996578e+00                   5.025358e+00
         523              4.996578e+00                   5.017138e+00
         524              4.996578e+00                   5.014806e+00
         525              4.996578e+00                   5.000392e+00
         526              4.996578e+00                   4.999615e+00
         527              4.996578e+00                   5.004502e+00
         528              4.996578e+00                   5.025391e+00
         529              4.996578e+00                   5.003097e+00
         530              4.996578e+00                   5.001874e+00
         531              4.996578e+00                   4.996578e+00
         532              4.996578e+00                   4.996578e+00
         533              4.996578e+00                   5.001202e+00
         534              4.996578e+00                   4.996578e+00
         535              4.996578e+00                   4.997765e+00
         536              4.996578e+00                   4.997744e+00
         537              4.996578e+00                   4.996578e+00
         538              4.996578e+00                   4.996578e+00
         539              4.996578e+00                   4.996578e+00
         540              4.996578e+00                   5.000802e+00
         541              4.996578e+00                   4.996578e+00
         542              4.996578e+00                   4.996578e+00
         543              4.996578e+00                   4.996578e+00
         544              4.996578e+00                   4.997926e+00
         545              4.996578e+00                   4.996578e+00
         546              4.996578e+00                   5.018668e+00
         547              4.996578e+00                   5.048018e+00
         548              4.996578e+00                   5.009008e+00
         549              4.996578e+00                   5.038180e+00
         550              4.996578e+00                   5.041083e+00
         551              4.996578e+00                   5.025583e+00
         552              4.996578e+00                   4.996578e+00
         553              4.996578e+00                   5.024045e+00
         554              4.996578e+00                   4.998240e+00
         555              4.996578e+00                   4.996578e+00
         556              4.996578e+00                   4.996822e+00
         557              4.996578e+00                   5.008087e+00
         558              4.996578e+00                   5.037557e+00
         559              4.996578e+00                   5.011567e+00
         560              4.996578e+00                   4.996578e+00
         561              4.996578e+00                   4.996578e+00
         562              4.996578e+00                   4.996578e+00
         563              4.996578e+00                   4.996578e+00
         564              4.996578e+00                   4.996578e+00
         565              4.996578e+00                   4.996578e+00
         566              4.996578e+00                   4.996578e+00
         567              4.996578e+00                   4.996578e+00
         568              4.996578e+00                   4.996578e+00
         569              4.996578e+00                   4.996578e+00
         570              4.996578e+00                   4.996578e+00
         571              4.996578e+00                   4.996578e+00
         572              4.996578e+00                   4.996578e+00
         573              4.996578e+00                   4.998344e+00
         574              4.996578e+00                   5.040361e+00
         575              4.996578e+00                   5.037672e+00
         576              4.996578e+00                   5.048007e+00
         577              4.996578e+00                   5.050763e+00
         578              4.996578e+00                   4.996993e+00
         579              4.996578e+00                   4.996578e+00
         580              4.996578e+00                   5.034987e+00
         581              4.996578e+00                   5.053416e+00
         582              4.996578e+00                   5.004956e+00
         583              4.996578e+00                   4.999143e+00
         584              4.996578e+00                   5.016799e+00
         585              4.996578e+00                   5.030928e+00
         586              4.996578e+00                   5.020086e+00
         587              4.996578e+00                   5.015479e+00
         588              4.996578e+00                   4.998062e+00
         589              4.996578e+00                   5.003332e+00
         590              4.996578e+00                   5.014820e+00
         591              4.996578e+00                   4.996763e+00
         592              4.996578e+00                   4.996578e+00
         593              4.996578e+00                   4.996578e+00
         594              4.996578e+00                   4.996578e+00
         595              4.996578e+00                   4.996578e+00
         596              4.996578e+00                   4.997075e+00
         597              4.996578e+00                   4.996578e+00
         598              4.996578e+00                   4.996578e+00
         599              4.996578e+00                   4.996578e+00
         600              4.996578e+00                   4.998202e+00
         601              4.996578e+00                   4.996578e+00
         602              4.996578e+00                   4.996578e+00
         603              4.996578e+00                   4.996578e+00
         604              4.996578e+00                   4.996578e+00
         605              4.996578e+00                   4.996578e+00
         606              4.996578e+00                   4.996578e+00
         607              4.996578e+00                   4.996578e+00
         608              4.996578e+00                   5.019443e+00
         609              4.996578e+00                   5.002293e+00
         610              4.996578e+00                   5.025276e+00
         611              4.996578e+00                   4.997728e+00
         612              4.996578e+00                   4.999244e+00
         613              4.996578e+00                   4.998518e+00
         614              4.996578e+00                   4.996578e+00
         615              4.996578e+00                   4.996578e+00
         616              4.996578e+00                   4.998862e+00
         617              4.996578e+00                   5.012509e+00
         618              4.996578e+00                   4.997989e+00
         619              4.996578e+00                   5.002635e+00
         620              4.996578e+00                   5.008862e+00
         621              4.996578e+00                   5.008528e+00
         622              4.996578e+00                   4.998199e+00
         623              4.996578e+00                   5.001838e+00
         624              4.996578e+00                   5.012030e+00
         625              4.996578e+00                   4.996578e+00
         626              4.996578e+00                   4.999304e+00
         627              4.996578e+00                   4.996647e+00
         628              4.996578e+00                   4.996578e+00
         629              4.996578e+00                   4.996578e+00
         630              4.996578e+00                   4.996578e+00
         631              4.996578e+00                   4.996578e+00
         632              4.996578e+00                   4.996578e+00
         633              4.996578e+00                   4.996578e+00
         634              4.996578e+00                   4.996578e+00
         635              4.996578e+00                   4.996578e+00
         636              4.996578e+00                   5.015145e+00
         637              4.996578e+00                   5.033021e+00
         638              4.996578e+00                   5.027900e+00
         639              4.996578e+00                   5.028871e+00
         640              4.996578e+00                   5.007725e+00
         641              4.996578e+00                   4.999678e+00
         642              4.996578e+00                   4.996578e+00
         643              4.996578e+00                   4.996578e+00
         644              4.996578e+00                   4.996578e+00
         645              4.996578e+00                   5.035985e+00
         646              4.996578e+00                   5.048658e+00
         647              4.996578e+00                   5.002696e+00
         648              4.996578e+00                   5.015108e+00
         649              4.996578e+00                   4.996578e+00
         650              4.996578e+00                   4.996578e+00
         651              4.996578e+00                   4.996578e+00
         652              4.996578e+00                   4.996578e+00
         653              4.996578e+00                   5.002009e+00
         654              4.996578e+00                   4.997930e+00
         655              4.996578e+00                   5.006399e+00
         656              4.996578e+00                   4.997500e+00
         657              4.996578e+00                   5.000933e+00
         658              4.996578e+00                   4.996578e+00
         659              4.996578e+00                   4.996578e+00
         660              4.996578e+00                   4.996578e+00
         661              4.996578e+00                   4.996578e+00
         662              4.996578e+00                   4.996578e+00
         663              4.996578e+00                   4.996578e+00
         664              4.996578e+00                   4.996578e+00
         665              4.996578e+00                   4.996578e+00
         666              4.996578e+00                   4.996578e+00
         667              4.996578e+00                   4.996578e+00
         668              4.996578e+00                   4.998754e+00
         669              4.996578e+00                   4.996578e+00
         670              4.996578e+00                   5.006711e+00
         671              4.996578e+00                   4.996578e+00
         672              4.996578e+00                   4.996578e+00
         673              4.996578e+00                   4.996578e+00
         674              4.996578e+00                   4.996578e+00
         675              4.996578e+00                   4.996578e+00
         676              4.996578e+00                   4.999305e+00
         677              4.996578e+00                   4.996578e+00
         678              4.996578e+00                   4.997514e+00
         679              4.996578e+00                   5.037183e+00
         680              4.996578e+00                   5.002918e+00
         681              4.996578e+00                   5.001813e+00
         682              4.996578e+00                   4.996578e+00
         683              4.996578e+00                   4.996578e+00
         684              4.996578e+00                   5.015882e+00
         685              4.996578e+00                   5.014290e+00
         686              4.996578e+00                   5.003467e+00
         687              4.996578e+00                   5.040079e+00
         688              4.996578e+00                   4.996880e+00
         689              4.996578e+00                   5.004040e+00
         690              4.996578e+00                   4.996578e+00
         691              4.996578e+00                   4.996578e+00
         692              4.996578e+00                   4.996578e+00
         693              4.996578e+00                   4.996578e+00
         694              4.996578e+00                   4.996578e+00
         695              4.996578e+00                   4.999722e+00
         696              4.996578e+00                   5.006097e+00
         697              4.996578e+00                   4.996578e+00
         698              4.996578e+00                   4.996578e+00
         699              4.996578e+00                   4.996578e+00
         700              4.996578e+00                   4.996578e+00
         701              4.996578e+00                   4.996578e+00
         702              4.996578e+00                   4.996578e+00
         703              4.996578e+00                   4.996578e+00
         704              4.996578e+00                   4.996578e+00
         705              4.996578e+00                   4.996578e+00
         706              4.996578e+00                   4.996578e+00
         707              4.996578e+00                   4.996578e+00
         708              4.996578e+00                   4.998298e+00
         709              4.996578e+00                   4.996578e+00
         710              4.996578e+00                   4.996578e+00
         711              4.996578e+00                   4.996578e+00
         712              4.996578e+00                   4.996578e+00
         713              4.996578e+00                   4.996578e+00
         714              4.996578e+00                   4.996578e+00
         715              4.996578e+00                   5.004378e+00
         716              4.996578e+00                   5.015081e+00
         717              4.996578e+00                   5.012490e+00
         718              4.996578e+00                   4.997193e+00
         719              4.996578e+00                   4.998856e+00
         720              4.996578e+00                   4.997130e+00
         721              4.996578e+00                   5.010606e+00
         722              4.996578e+00                   5.032119e+00
         723              4.996578e+00                   5.008032e+00
         724              4.996578e+00                   4.999083e+00
         725              4.996578e+00                   4.996578e+00
         726              4.996578e+00                   4.996578e+00
         727              4.996578e+00                   4.996809e+00
         728              4.996578e+00                   4.996578e+00
         729              4.996578e+00                   5.001971e+00
         730              4.996578e+00                   5.009805e+00
         731              4.996578e+00                   5.009757e+00
         732              4.996578e+00                   5.028576e+00
         733              4.996578e+00                   4.996925e+00
         734              4.996578e+00                   4.996578e+00
         735              4.996578e+00                   4.996578e+00
         736              4.996578e+00                   4.996578e+00
         737              4.996578e+00                   4.996578e+00
         738              4.996578e+00                   4.996578e+00
         739              4.996578e+00                   4.996578e+00
         740              4.996578e+00                   4.996804e+00
         741              4.996578e+00                   4.996578e+00
         742              4.996578e+00                   4.998513e+00
         743              4.996578e+00                   4.996578e+00
         744              4.996578e+00                   5.009993e+00
         745              4.996578e+00                   5.020935e+00
         746              4.996578e+00                   5.003159e+00
         747              4.996578e+00                   5.007284e+00
         748              4.996578e+00                   5.013945e+00
         749              4.996578e+00                   5.015702e+00
         750              4.996578e+00                   5.011991e+00
         751              4.996578e+00                   5.008510e+00
         752              4.996578e+00                   5.000369e+00
         753              4.996578e+00                   5.007087e+00
         754              4.996578e+00                   5.016331e+00
         755              4.996578e+00                   5.008375e+00
         756              4.996578e+00                   5.000336e+00
         757              4.996578e+00                   5.016447e+00
         758              4.996578e+00                   4.996804e+00
         759              4.996578e+00                   4.996578e+00
         760              4.996578e+00                   5.008531e+00
         761              4.996578e+00                   4.996578e+00
         762              4.996578e+00                   4.996578e+00
         763              4.996578e+00                   4.996578e+00
         764              4.996578e+00                   4.998518e+00
         765              4.996578e+00                   4.996578e+00
         766              4.996578e+00                   5.021813e+00
         767              4.996578e+00                   5.078798e+00
         768              4.996578e+00                   5.009498e+00
         769              4.996578e+00                   5.007535e+00
         770              4.996578e+00                   4.999577e+00
         771              4.996578e+00                   5.006882e+00
         772              4.996578e+00                   4.997794e+00
         773              4.996578e+00                   4.996578e+00
         774              4.996578e+00                   5.018979e+00
         775              4.996578e+00                   4.996578e+00
         776              4.996578e+00                   4.996578e+00
         777              4.996578e+00                   5.036219e+00
         778              4.996578e+00                   5.020490e+00
         779              4.996578e+00                   4.999313e+00
         780              4.996578e+00                   4.996578e+00
         781              4.996578e+00                   4.996578e+00
         782              4.996578e+00                   4.996578e+00
         783              4.996578e+00                   4.996578e+00
         784              4.996578e+00                   4.996578e+00
         785              4.996578e+00                   4.996578e+00
         786              4.996578e+00                   4.996578e+00
         787              4.996578e+00                   4.996578e+00
         788              4.996578e+00                   5.001188e+00
         789              4.996578e+00                   4.996578e+00
         790              4.996578e+00                   4.996578e+00
         791              4.996578e+00                   4.999315e+00
         792              4.996578e+00                   4.996578e+00
         793              4.996578e+00                   4.997758e+00
         794              4.996578e+00                   4.996578e+00
         795              4.996578e+00                   4.996578e+00
         796              4.996578e+00                   4.997832e+00
         797              4.996578e+00                   4.996578e+00
         798              4.996578e+00                   4.996578e+00
         799              4.996578e+00                   4.996578e+00
         800              4.996578e+00                   4.996578e+00
