        0.259326       -0.127433       -0.357044
       -0.625628       -0.894822      -0.0160972
       -0.415499        -1.95587       -0.383222
       -0.934931       0.0907291        0.357621
       -0.894435         1.75626        0.806894
        0.477489       -0.618818       0.0105716
         1.86115        -2.16673        -1.69828
        -2.12325        -1.57603      -0.0423454
         1.00469         1.34186         1.13554
        0.606188        0.454157       -0.881408
        -1.18815        0.115534       -0.312728
        -1.47027        0.189374       0.0624518
        0.201886       -0.184643        -2.14733
        0.599852        0.211586       -0.874872
         1.21978       -0.824976         1.12202
       -0.184195        -1.20238        0.462533
        0.524556        0.456629        -2.73127
       -0.882996       -0.638329        -1.02323
         1.00667         1.05889        -1.78456
       -0.481974      -0.0857271          -1.371
      0.00989561       -0.676276        0.787806
        0.667433       0.0478214        0.554319
        0.987882         1.29026        -1.68901
       -0.277628        0.401859        0.399922
        -1.69152       -0.794321       -0.270581
         1.11733        -1.90118       -0.749409
        0.309564        0.306662         2.03699
         0.50659        0.613324        -1.40412
        0.151688        -1.37198        0.119275
        0.116199        -1.31764        0.975086
        -1.37468         1.58371         1.58273
         1.15388        -1.75912        0.481136
       -0.362107       -0.434721       -0.534985
       -0.360075         1.04423        -1.05533
        0.261615          1.8094      -0.0418102
        -2.09445         1.76635        -1.10742
         1.00876       -0.102742        0.697554
       -0.842033        0.262173         0.23947
       -0.665567         1.28872        -1.95839
        0.849002        0.328691         1.33399
       -0.353388        0.854361         2.21786
        0.444414        0.652885         2.56911
        0.308569        -2.74069         1.28756
       -0.818847     -0.00353509         1.32246
        -1.36002        0.644075         2.10055
       -0.155982         1.45465        0.844053
         1.38012        0.189453       -0.901578
        0.406821       -0.427059         1.67037
        0.918932        0.156903      -0.0636867
        0.278207        0.350522         0.85479
         2.03457       -0.974997       -0.670302
       -0.309925         1.02404         0.68152
        -0.74897          0.0627       -0.973812
        -2.27168       -0.696583        0.970405
       -0.766665         1.34139        -1.24494
        -1.36467       -0.334416        0.607944
         1.63684        0.584594        0.642027
         1.61639          0.2835       0.0193989
         1.45841        0.510379        -2.73094
       -0.856515         1.50815       0.0133676
        -2.01683        0.467726        -1.37596
        0.398633         0.75656       -0.484387
        -2.41996       -0.262136         1.10441
        -1.36482       -0.750385         3.11795
       0.0649444       -0.675908        -1.11901
        -1.37867       -0.440955       -0.450949
       -0.813311        -1.20106        0.968129
          1.2732        0.298067        0.210747
        0.130279         1.53192        0.946422
         1.98129         0.18568       -0.147606
         1.33319         1.24469       -0.162458
       -0.615162         1.23134         1.84233
         1.90246      -0.0358547        -1.10977
        0.468989        0.581703         1.23696
        0.372804        0.310533        0.577971
       -0.579685       -0.320476       -0.896468
        0.612948         0.39858      -0.0588047
         -1.9076       -0.279299         -0.1554
        0.708745        -2.29769        0.204908
       -0.146586         1.33917       -0.112292
       -0.767179       -0.318327        0.681223
        0.351375        -1.41573         0.56972
         -1.4601        -1.04826       -0.594351
        0.145904       -0.955731       -0.509423
        -0.11647        0.410318       -0.335639
        -1.05537         1.85951       -0.801992
          1.9567        -1.79887        0.183132
        -0.49934         2.32704        -1.53368
       -0.054045       -0.778787        -1.43334
       -0.286365        0.364839       -0.610169
         0.13348       -0.758894        0.814905
        0.480033        0.384055        0.676922
        0.523267       -0.717477        0.137626
        -1.74945        -1.50689         1.90656
         1.42231        -1.18976       -0.156927
         1.03198       -0.219835        0.593118
       -0.310901        -1.78062         1.05702
         0.93635         1.00133        0.345989
       -0.360744         1.12546        -1.12296
        0.594642        -1.83013        -1.36941
         1.17451         1.78968       0.0279631
       -0.501581       -0.368133       -0.997809
       -0.884928        0.734834        -1.33507
        -1.08747       -0.331655           1.132
       -0.537405       -0.183861       -0.191273
        0.828341         1.58087        -0.25121
         1.89631         0.45552       -0.859123
        0.682648        -1.13752       -0.108151
