    #generation:          shortest_distance:          average_of_top_200:
           1              4.669963e+01                   6.272349e+01
           2              4.335319e+01                   5.742056e+01
           3              3.627648e+01                   5.234931e+01
           4              3.430135e+01                   4.714651e+01
           5              3.250705e+01                   4.368525e+01
           6              3.162847e+01                   3.972392e+01
           7              2.957003e+01                   3.779424e+01
           8              2.905096e+01                   3.602034e+01
           9              2.465605e+01                   3.349693e+01
          10              2.465605e+01                   3.169536e+01
          11              2.291775e+01                   2.997752e+01
          12              2.215044e+01                   2.784770e+01
          13              2.022802e+01                   2.652245e+01
          14              2.022802e+01                   2.467486e+01
          15              1.977490e+01                   2.369462e+01
          16              1.580674e+01                   2.296706e+01
          17              1.504599e+01                   2.086067e+01
          18              1.474857e+01                   2.021718e+01
          19              1.387542e+01                   1.820049e+01
          20              1.331326e+01                   1.697805e+01
          21              1.185099e+01                   1.648644e+01
          22              1.117694e+01                   1.503068e+01
          23              1.117694e+01                   1.454445e+01
          24              1.048424e+01                   1.311336e+01
          25              1.043155e+01                   1.245751e+01
          26              1.030496e+01                   1.206596e+01
          27              9.738848e+00                   1.222703e+01
          28              9.559576e+00                   1.145660e+01
          29              9.211127e+00                   1.085154e+01
          30              7.640900e+00                   1.055204e+01
          31              7.461627e+00                   1.022447e+01
          32              6.802091e+00                   9.790841e+00
          33              6.802091e+00                   9.171742e+00
          34              6.489480e+00                   8.973388e+00
          35              6.195637e+00                   9.139999e+00
          36              5.223490e+00                   8.638351e+00
          37              5.223490e+00                   8.342968e+00
          38              5.223490e+00                   7.760767e+00
          39              5.020824e+00                   6.795560e+00
          40              4.996966e+00                   6.460893e+00
          41              4.794299e+00                   5.713873e+00
          42              4.293189e+00                   5.619307e+00
          43              4.293189e+00                   5.591874e+00
          44              4.062319e+00                   5.357366e+00
          45              4.062319e+00                   5.649407e+00
          46              3.472565e+00                   5.127105e+00
          47              3.472565e+00                   5.405231e+00
          48              3.315177e+00                   4.586621e+00
          49              3.265689e+00                   4.204286e+00
          50              3.172798e+00                   4.111803e+00
          51              3.172798e+00                   4.124083e+00
          52              3.076258e+00                   3.925147e+00
          53              3.076258e+00                   3.720590e+00
          54              3.076258e+00                   3.729313e+00
          55              3.021610e+00                   3.641173e+00
          56              2.925070e+00                   3.610995e+00
          57              2.750782e+00                   3.831347e+00
          58              2.750782e+00                   3.548918e+00
          59              2.750782e+00                   3.559618e+00
          60              2.609127e+00                   3.231771e+00
          61              2.609127e+00                   3.241478e+00
          62              2.599594e+00                   3.383172e+00
          63              2.421369e+00                   3.373011e+00
          64              2.267845e+00                   3.470054e+00
          65              2.267845e+00                   3.227454e+00
          66              2.267845e+00                   3.293417e+00
          67              2.267845e+00                   3.126216e+00
          68              2.267845e+00                   2.932912e+00
          69              2.267845e+00                   3.031384e+00
          70              2.267845e+00                   2.866165e+00
          71              2.267845e+00                   2.863651e+00
          72              2.258147e+00                   2.456367e+00
          73              2.154666e+00                   2.649891e+00
          74              2.154666e+00                   2.692166e+00
          75              2.144969e+00                   2.695037e+00
          76              2.009075e+00                   2.948758e+00
          77              2.009075e+00                   2.919547e+00
          78              1.969285e+00                   2.552582e+00
          79              1.969285e+00                   2.689987e+00
          80              1.957369e+00                   2.657557e+00
          81              1.957369e+00                   2.947231e+00
          82              1.957369e+00                   2.764113e+00
          83              1.884005e+00                   2.876025e+00
          84              1.884005e+00                   2.625153e+00
          85              1.884005e+00                   2.242461e+00
          86              1.884005e+00                   2.132259e+00
          87              1.884005e+00                   2.459227e+00
          88              1.843641e+00                   2.367388e+00
          89              1.843641e+00                   2.564913e+00
          90              1.839664e+00                   3.276386e+00
          91              1.839664e+00                   3.756417e+00
          92              1.839664e+00                   4.460520e+00
          93              1.839664e+00                   4.582730e+00
          94              1.839664e+00                   4.054179e+00
          95              1.839664e+00                   3.759617e+00
          96              1.839664e+00                   2.699226e+00
          97              1.839664e+00                   2.809134e+00
          98              1.720358e+00                   2.400273e+00
          99              1.720358e+00                   2.368418e+00
         100              1.720358e+00                   2.630439e+00
         101              1.720358e+00                   2.440246e+00
         102              1.720358e+00                   2.268082e+00
         103              1.635615e+00                   2.356218e+00
         104              1.635615e+00                   2.435002e+00
         105              1.635615e+00                   2.111513e+00
         106              1.635615e+00                   2.163422e+00
         107              1.635615e+00                   2.060047e+00
         108              1.635615e+00                   2.162876e+00
         109              1.635615e+00                   2.110183e+00
         110              1.635615e+00                   2.329154e+00
         111              1.635615e+00                   2.321506e+00
         112              1.635615e+00                   2.039272e+00
         113              1.635615e+00                   1.912232e+00
         114              1.635615e+00                   2.021674e+00
         115              1.635615e+00                   2.170558e+00
         116              1.635615e+00                   2.286812e+00
         117              1.635615e+00                   1.958575e+00
         118              1.635615e+00                   1.894371e+00
         119              1.635615e+00                   2.097149e+00
         120              1.635615e+00                   1.982006e+00
         121              1.635615e+00                   2.177904e+00
         122              1.635615e+00                   2.153047e+00
         123              1.635615e+00                   2.194282e+00
         124              1.635615e+00                   2.394644e+00
         125              1.635615e+00                   2.232250e+00
         126              1.635615e+00                   1.966462e+00
         127              1.635615e+00                   1.967432e+00
         128              1.635615e+00                   1.849158e+00
         129              1.635615e+00                   1.915151e+00
         130              1.635615e+00                   1.891501e+00
         131              1.635615e+00                   1.930447e+00
         132              1.635615e+00                   2.013950e+00
         133              1.635615e+00                   1.802537e+00
         134              1.635615e+00                   1.854276e+00
         135              1.635615e+00                   1.820272e+00
         136              1.635615e+00                   1.968700e+00
         137              1.635615e+00                   2.017744e+00
         138              1.635615e+00                   1.787692e+00
         139              1.635615e+00                   1.862502e+00
         140              1.635615e+00                   2.073887e+00
         141              1.635615e+00                   1.768024e+00
         142              1.635615e+00                   2.045507e+00
         143              1.635615e+00                   1.841292e+00
         144              1.635615e+00                   1.672411e+00
         145              1.635615e+00                   2.193001e+00
         146              1.635615e+00                   2.351252e+00
         147              1.635615e+00                   2.203760e+00
         148              1.635615e+00                   2.234776e+00
         149              1.635615e+00                   2.706155e+00
         150              1.635615e+00                   2.198635e+00
         151              1.635615e+00                   2.301606e+00
         152              1.635615e+00                   1.987032e+00
         153              1.635615e+00                   2.099281e+00
         154              1.635615e+00                   2.098827e+00
         155              1.635615e+00                   2.138130e+00
         156              1.635615e+00                   2.304791e+00
         157              1.635615e+00                   2.455370e+00
         158              1.635615e+00                   2.715922e+00
         159              1.635615e+00                   2.288995e+00
         160              1.635615e+00                   2.283395e+00
         161              1.635615e+00                   2.336864e+00
         162              1.635615e+00                   2.058419e+00
         163              1.635615e+00                   2.079176e+00
         164              1.635615e+00                   2.242625e+00
         165              1.635615e+00                   2.051848e+00
         166              1.635615e+00                   1.918226e+00
         167              1.635615e+00                   2.162138e+00
         168              1.635615e+00                   2.486583e+00
         169              1.635615e+00                   2.194152e+00
         170              1.635615e+00                   1.891159e+00
         171              1.635615e+00                   1.883193e+00
         172              1.635615e+00                   1.888080e+00
         173              1.635615e+00                   1.926891e+00
         174              1.635615e+00                   1.927438e+00
         175              1.635615e+00                   1.923088e+00
         176              1.635615e+00                   2.134956e+00
         177              1.635615e+00                   2.562984e+00
         178              1.635615e+00                   2.199576e+00
         179              1.635615e+00                   2.372283e+00
         180              1.635615e+00                   2.329325e+00
         181              1.635615e+00                   2.037362e+00
         182              1.635615e+00                   2.012706e+00
         183              1.635615e+00                   2.309831e+00
         184              1.635615e+00                   1.912123e+00
         185              1.635615e+00                   1.949621e+00
         186              1.635615e+00                   2.142016e+00
         187              1.635615e+00                   2.072362e+00
         188              1.635615e+00                   2.174477e+00
         189              1.635615e+00                   2.152654e+00
         190              1.635615e+00                   1.930047e+00
         191              1.635615e+00                   1.930615e+00
         192              1.635615e+00                   2.004645e+00
         193              1.635615e+00                   2.043383e+00
         194              1.635615e+00                   1.934663e+00
         195              1.635615e+00                   1.884403e+00
         196              1.635615e+00                   1.795375e+00
         197              1.635615e+00                   1.867306e+00
         198              1.635615e+00                   1.809899e+00
         199              1.635615e+00                   2.323234e+00
         200              1.635615e+00                   2.123804e+00
         201              1.635615e+00                   2.335765e+00
         202              1.635615e+00                   2.379134e+00
         203              1.635615e+00                   2.259649e+00
         204              1.635615e+00                   2.064090e+00
         205              1.635615e+00                   2.298231e+00
         206              1.635615e+00                   2.085613e+00
         207              1.635615e+00                   1.904370e+00
         208              1.635615e+00                   1.815390e+00
         209              1.635615e+00                   1.814107e+00
         210              1.635615e+00                   2.010898e+00
         211              1.635615e+00                   2.394932e+00
         212              1.635615e+00                   2.358679e+00
         213              1.635615e+00                   2.323757e+00
         214              1.635615e+00                   2.676276e+00
         215              1.635615e+00                   2.435604e+00
         216              1.635615e+00                   2.170373e+00
         217              1.635615e+00                   2.369664e+00
         218              1.635615e+00                   2.219775e+00
         219              1.635615e+00                   2.173422e+00
         220              1.635615e+00                   2.464857e+00
         221              1.635615e+00                   2.301441e+00
         222              1.635615e+00                   2.373969e+00
         223              1.635615e+00                   2.222071e+00
         224              1.635615e+00                   1.999970e+00
         225              1.635615e+00                   2.190001e+00
         226              1.635615e+00                   2.207697e+00
         227              1.635615e+00                   2.070801e+00
         228              1.635615e+00                   1.842158e+00
         229              1.635615e+00                   1.944265e+00
         230              1.635615e+00                   1.998832e+00
         231              1.635615e+00                   2.300047e+00
         232              1.635615e+00                   2.009359e+00
         233              1.635615e+00                   2.210229e+00
         234              1.635615e+00                   2.179348e+00
         235              1.635615e+00                   2.716805e+00
         236              1.635615e+00                   2.758411e+00
         237              1.635615e+00                   2.466346e+00
         238              1.635615e+00                   2.858046e+00
         239              1.635615e+00                   2.689977e+00
         240              1.635615e+00                   2.537931e+00
         241              1.635615e+00                   2.689947e+00
         242              1.635615e+00                   2.547121e+00
         243              1.635615e+00                   2.373953e+00
         244              1.635615e+00                   2.172608e+00
         245              1.635615e+00                   2.323126e+00
         246              1.635615e+00                   2.341416e+00
         247              1.635615e+00                   2.316308e+00
         248              1.635615e+00                   2.293247e+00
         249              1.635615e+00                   2.195329e+00
         250              1.635615e+00                   1.816814e+00
         251              1.635615e+00                   1.893427e+00
         252              1.635615e+00                   2.330091e+00
         253              1.635615e+00                   2.210917e+00
         254              1.635615e+00                   2.467870e+00
         255              1.635615e+00                   1.966330e+00
         256              1.635615e+00                   1.989313e+00
         257              1.635615e+00                   2.005885e+00
         258              1.635615e+00                   2.123678e+00
         259              1.635615e+00                   2.176287e+00
         260              1.635615e+00                   2.269263e+00
         261              1.635615e+00                   2.071923e+00
         262              1.635615e+00                   2.010248e+00
         263              1.635615e+00                   2.260660e+00
         264              1.635615e+00                   2.576087e+00
         265              1.635615e+00                   2.518089e+00
         266              1.635615e+00                   2.293746e+00
         267              1.635615e+00                   2.027888e+00
         268              1.635615e+00                   2.193204e+00
         269              1.635615e+00                   1.878175e+00
         270              1.635615e+00                   1.767977e+00
         271              1.635615e+00                   1.773207e+00
         272              1.635615e+00                   1.840738e+00
         273              1.635615e+00                   1.882511e+00
         274              1.635615e+00                   2.157941e+00
         275              1.635615e+00                   2.540392e+00
         276              1.635615e+00                   2.167673e+00
         277              1.635615e+00                   2.425776e+00
         278              1.635615e+00                   2.306367e+00
         279              1.635615e+00                   2.070186e+00
         280              1.635615e+00                   2.121628e+00
         281              1.635615e+00                   2.192492e+00
         282              1.635615e+00                   1.963428e+00
         283              1.635615e+00                   1.998412e+00
         284              1.635615e+00                   1.959740e+00
         285              1.635615e+00                   1.962720e+00
         286              1.635615e+00                   2.009510e+00
         287              1.635615e+00                   2.053433e+00
         288              1.635615e+00                   2.099443e+00
         289              1.635615e+00                   2.122131e+00
         290              1.635615e+00                   2.529905e+00
         291              1.635615e+00                   2.158800e+00
         292              1.635615e+00                   1.825462e+00
         293              1.635615e+00                   2.263465e+00
         294              1.635615e+00                   2.093224e+00
         295              1.635615e+00                   2.135605e+00
         296              1.635615e+00                   2.114024e+00
         297              1.635615e+00                   2.169550e+00
         298              1.635615e+00                   2.162206e+00
         299              1.635615e+00                   2.080995e+00
         300              1.635615e+00                   2.446390e+00
         301              1.635615e+00                   2.381763e+00
         302              1.635615e+00                   2.235240e+00
         303              1.635615e+00                   2.097247e+00
         304              1.635615e+00                   2.219276e+00
         305              1.635615e+00                   1.880569e+00
         306              1.635615e+00                   2.046590e+00
         307              1.635615e+00                   2.117273e+00
         308              1.635615e+00                   2.139400e+00
         309              1.635615e+00                   1.901567e+00
         310              1.635615e+00                   2.129737e+00
         311              1.635615e+00                   2.340842e+00
         312              1.635615e+00                   2.013921e+00
         313              1.635615e+00                   2.032070e+00
         314              1.635615e+00                   1.767801e+00
         315              1.635615e+00                   1.799787e+00
         316              1.635615e+00                   2.037378e+00
         317              1.635615e+00                   2.204752e+00
         318              1.635615e+00                   1.991561e+00
         319              1.635615e+00                   1.809702e+00
         320              1.635615e+00                   1.766067e+00
         321              1.635615e+00                   1.857918e+00
         322              1.635615e+00                   2.069654e+00
         323              1.635615e+00                   2.306951e+00
         324              1.635615e+00                   2.149491e+00
         325              1.635615e+00                   2.288240e+00
         326              1.635615e+00                   1.975566e+00
         327              1.635615e+00                   2.143662e+00
         328              1.635615e+00                   2.238030e+00
         329              1.635615e+00                   2.328793e+00
         330              1.635615e+00                   2.204797e+00
         331              1.635615e+00                   2.438417e+00
         332              1.635615e+00                   2.573965e+00
         333              1.635615e+00                   2.781111e+00
         334              1.635615e+00                   2.811406e+00
         335              1.635615e+00                   2.421408e+00
         336              1.635615e+00                   2.241293e+00
         337              1.635615e+00                   2.213885e+00
         338              1.635615e+00                   2.366750e+00
         339              1.635615e+00                   2.121654e+00
         340              1.635615e+00                   2.126931e+00
         341              1.635615e+00                   2.207278e+00
         342              1.635615e+00                   2.226368e+00
         343              1.635615e+00                   2.228157e+00
         344              1.635615e+00                   2.352013e+00
         345              1.635615e+00                   2.247728e+00
         346              1.635615e+00                   2.163795e+00
         347              1.635615e+00                   2.288525e+00
         348              1.635615e+00                   2.368346e+00
         349              1.635615e+00                   2.177770e+00
         350              1.635615e+00                   2.303342e+00
         351              1.635615e+00                   2.064418e+00
         352              1.635615e+00                   1.945707e+00
         353              1.635615e+00                   2.100243e+00
         354              1.635615e+00                   1.946765e+00
         355              1.635615e+00                   1.885875e+00
         356              1.635615e+00                   1.757766e+00
         357              1.635615e+00                   1.944619e+00
         358              1.635615e+00                   2.089127e+00
         359              1.635615e+00                   2.046583e+00
         360              1.635615e+00                   2.081300e+00
         361              1.635615e+00                   1.930582e+00
         362              1.635615e+00                   1.815619e+00
         363              1.635615e+00                   1.801021e+00
         364              1.635615e+00                   2.116075e+00
         365              1.635615e+00                   2.031280e+00
         366              1.635615e+00                   2.285316e+00
         367              1.635615e+00                   1.881113e+00
         368              1.635615e+00                   2.111541e+00
         369              1.635615e+00                   2.069216e+00
         370              1.635615e+00                   2.123201e+00
         371              1.635615e+00                   2.030084e+00
         372              1.635615e+00                   1.805433e+00
         373              1.635615e+00                   1.931828e+00
         374              1.635615e+00                   1.990848e+00
         375              1.635615e+00                   1.897861e+00
         376              1.635615e+00                   2.091989e+00
         377              1.635615e+00                   1.906785e+00
         378              1.635615e+00                   1.825363e+00
         379              1.635615e+00                   1.998973e+00
         380              1.635615e+00                   1.823540e+00
         381              1.635615e+00                   1.991149e+00
         382              1.635615e+00                   1.990678e+00
         383              1.635615e+00                   1.826902e+00
         384              1.635615e+00                   1.885365e+00
         385              1.635615e+00                   2.330316e+00
         386              1.635615e+00                   2.306935e+00
         387              1.635615e+00                   1.870807e+00
         388              1.635615e+00                   1.741718e+00
         389              1.635615e+00                   1.747052e+00
         390              1.635615e+00                   1.768199e+00
         391              1.635615e+00                   1.890431e+00
         392              1.635615e+00                   2.016861e+00
         393              1.635615e+00                   1.970569e+00
         394              1.635615e+00                   2.053120e+00
         395              1.635615e+00                   1.976882e+00
         396              1.635615e+00                   2.384910e+00
         397              1.635615e+00                   2.580642e+00
         398              1.635615e+00                   2.545314e+00
         399              1.635615e+00                   2.252673e+00
         400              1.635615e+00                   2.132947e+00
         401              1.635615e+00                   1.964806e+00
         402              1.635615e+00                   1.938447e+00
         403              1.635615e+00                   1.883060e+00
         404              1.635615e+00                   1.871569e+00
         405              1.635615e+00                   1.996389e+00
         406              1.635615e+00                   2.104839e+00
         407              1.635615e+00                   1.881632e+00
         408              1.635615e+00                   1.847434e+00
         409              1.635615e+00                   2.069635e+00
         410              1.635615e+00                   2.194428e+00
         411              1.635615e+00                   2.202616e+00
         412              1.635615e+00                   1.952857e+00
         413              1.635615e+00                   1.984366e+00
         414              1.635615e+00                   1.799683e+00
         415              1.635615e+00                   1.834248e+00
         416              1.635615e+00                   2.079057e+00
         417              1.635615e+00                   2.175205e+00
         418              1.635615e+00                   2.307316e+00
         419              1.635615e+00                   2.418861e+00
         420              1.635615e+00                   2.475886e+00
         421              1.635615e+00                   2.367888e+00
         422              1.635615e+00                   2.077103e+00
         423              1.635615e+00                   1.938486e+00
         424              1.635615e+00                   2.086950e+00
         425              1.635615e+00                   1.953361e+00
         426              1.635615e+00                   2.026622e+00
         427              1.635615e+00                   2.239576e+00
         428              1.635615e+00                   2.098805e+00
         429              1.635615e+00                   2.029139e+00
         430              1.635615e+00                   2.422057e+00
         431              1.635615e+00                   2.422274e+00
         432              1.635615e+00                   2.141173e+00
         433              1.635615e+00                   2.584063e+00
         434              1.635615e+00                   2.133381e+00
         435              1.635615e+00                   2.146862e+00
         436              1.635615e+00                   2.446496e+00
         437              1.635615e+00                   2.847570e+00
         438              1.635615e+00                   2.434663e+00
         439              1.635615e+00                   2.279487e+00
         440              1.635615e+00                   2.197663e+00
         441              1.635615e+00                   2.293127e+00
         442              1.635615e+00                   2.278276e+00
         443              1.635615e+00                   2.324062e+00
         444              1.635615e+00                   2.075993e+00
         445              1.635615e+00                   2.098853e+00
         446              1.635615e+00                   2.120941e+00
         447              1.635615e+00                   2.370773e+00
         448              1.635615e+00                   2.110622e+00
         449              1.635615e+00                   2.439627e+00
         450              1.635615e+00                   2.387509e+00
         451              1.635615e+00                   2.390063e+00
         452              1.635615e+00                   2.234998e+00
         453              1.635615e+00                   2.141249e+00
         454              1.635615e+00                   2.091983e+00
         455              1.635615e+00                   2.046007e+00
         456              1.635615e+00                   2.085386e+00
         457              1.635615e+00                   2.194298e+00
         458              1.635615e+00                   2.347082e+00
         459              1.635615e+00                   1.933380e+00
         460              1.635615e+00                   2.217279e+00
         461              1.635615e+00                   2.007193e+00
         462              1.635615e+00                   1.964626e+00
         463              1.635615e+00                   2.231743e+00
         464              1.635615e+00                   1.942351e+00
         465              1.635615e+00                   1.863174e+00
         466              1.635615e+00                   2.183566e+00
         467              1.635615e+00                   2.080004e+00
         468              1.635615e+00                   2.330452e+00
         469              1.635615e+00                   2.183060e+00
         470              1.635615e+00                   2.207429e+00
         471              1.635615e+00                   2.267962e+00
         472              1.635615e+00                   2.127516e+00
         473              1.635615e+00                   2.207929e+00
         474              1.635615e+00                   2.123470e+00
         475              1.635615e+00                   1.934806e+00
         476              1.635615e+00                   2.037762e+00
         477              1.635615e+00                   2.452608e+00
         478              1.635615e+00                   2.115728e+00
         479              1.635615e+00                   2.060566e+00
         480              1.635615e+00                   1.809406e+00
         481              1.635615e+00                   1.834852e+00
         482              1.635615e+00                   2.051263e+00
         483              1.635615e+00                   2.121933e+00
         484              1.635615e+00                   2.001208e+00
         485              1.635615e+00                   2.325561e+00
         486              1.635615e+00                   2.114253e+00
         487              1.635615e+00                   2.088889e+00
         488              1.635615e+00                   2.168139e+00
         489              1.635615e+00                   2.211887e+00
         490              1.635615e+00                   2.204237e+00
         491              1.635615e+00                   2.253814e+00
         492              1.635615e+00                   2.451709e+00
         493              1.635615e+00                   2.380565e+00
         494              1.635615e+00                   2.171749e+00
         495              1.635615e+00                   2.089967e+00
         496              1.635615e+00                   2.084179e+00
         497              1.635615e+00                   2.183044e+00
         498              1.635615e+00                   2.593297e+00
         499              1.635615e+00                   2.538772e+00
         500              1.635615e+00                   2.374941e+00
         501              1.635615e+00                   1.989139e+00
         502              1.635615e+00                   2.011162e+00
         503              1.635615e+00                   2.214287e+00
         504              1.635615e+00                   2.250357e+00
         505              1.635615e+00                   2.140226e+00
         506              1.635615e+00                   1.992758e+00
         507              1.635615e+00                   1.850422e+00
         508              1.635615e+00                   1.766810e+00
         509              1.635615e+00                   1.879783e+00
         510              1.635615e+00                   1.917453e+00
         511              1.635615e+00                   2.175779e+00
         512              1.635615e+00                   2.149705e+00
         513              1.635615e+00                   2.642261e+00
         514              1.635615e+00                   2.493504e+00
         515              1.635615e+00                   2.293770e+00
         516              1.635615e+00                   2.245765e+00
         517              1.635615e+00                   2.354844e+00
         518              1.635615e+00                   2.023801e+00
         519              1.635615e+00                   1.930962e+00
         520              1.635615e+00                   1.942559e+00
         521              1.635615e+00                   1.970865e+00
         522              1.635615e+00                   1.911973e+00
         523              1.635615e+00                   2.226188e+00
         524              1.635615e+00                   2.059774e+00
         525              1.635615e+00                   2.500627e+00
         526              1.635615e+00                   2.130305e+00
         527              1.635615e+00                   2.390581e+00
         528              1.635615e+00                   2.143093e+00
         529              1.635615e+00                   2.154354e+00
         530              1.635615e+00                   2.164818e+00
         531              1.635615e+00                   2.253310e+00
         532              1.635615e+00                   2.091615e+00
         533              1.635615e+00                   2.161955e+00
         534              1.635615e+00                   2.324083e+00
         535              1.635615e+00                   2.327899e+00
         536              1.635615e+00                   1.983610e+00
         537              1.635615e+00                   1.926237e+00
         538              1.635615e+00                   2.282946e+00
         539              1.635615e+00                   2.089599e+00
         540              1.635615e+00                   2.213989e+00
         541              1.635615e+00                   1.856019e+00
         542              1.635615e+00                   1.760472e+00
         543              1.635615e+00                   1.902670e+00
         544              1.635615e+00                   1.977957e+00
         545              1.635615e+00                   1.780391e+00
         546              1.635615e+00                   1.961265e+00
         547              1.635615e+00                   2.174961e+00
         548              1.635615e+00                   1.996634e+00
         549              1.635615e+00                   1.972000e+00
         550              1.635615e+00                   2.266714e+00
         551              1.635615e+00                   2.004947e+00
         552              1.635615e+00                   1.919348e+00
         553              1.635615e+00                   2.139749e+00
         554              1.635615e+00                   2.228352e+00
         555              1.635615e+00                   2.510708e+00
         556              1.635615e+00                   2.790614e+00
         557              1.635615e+00                   2.532197e+00
         558              1.635615e+00                   2.907353e+00
         559              1.635615e+00                   2.559744e+00
         560              1.635615e+00                   2.658124e+00
         561              1.635615e+00                   2.472829e+00
         562              1.635615e+00                   2.319517e+00
         563              1.635615e+00                   2.384917e+00
         564              1.635615e+00                   1.925030e+00
         565              1.635615e+00                   2.006340e+00
         566              1.635615e+00                   2.091461e+00
         567              1.635615e+00                   2.271386e+00
         568              1.635615e+00                   2.188046e+00
         569              1.635615e+00                   2.492445e+00
         570              1.635615e+00                   2.095213e+00
         571              1.635615e+00                   1.932813e+00
         572              1.635615e+00                   2.095584e+00
         573              1.635615e+00                   2.062587e+00
         574              1.635615e+00                   1.985960e+00
         575              1.635615e+00                   1.930786e+00
         576              1.635615e+00                   1.946784e+00
         577              1.635615e+00                   1.956885e+00
         578              1.635615e+00                   1.772607e+00
         579              1.635615e+00                   1.729263e+00
         580              1.635615e+00                   1.740296e+00
         581              1.635615e+00                   1.808188e+00
         582              1.635615e+00                   2.291289e+00
         583              1.635615e+00                   2.543678e+00
         584              1.635615e+00                   2.194253e+00
         585              1.635615e+00                   1.962321e+00
         586              1.635615e+00                   2.178327e+00
         587              1.635615e+00                   2.240758e+00
         588              1.635615e+00                   2.392447e+00
         589              1.635615e+00                   2.368341e+00
         590              1.635615e+00                   2.027720e+00
         591              1.635615e+00                   1.784038e+00
         592              1.635615e+00                   1.969456e+00
         593              1.635615e+00                   1.964946e+00
         594              1.635615e+00                   2.098019e+00
         595              1.635615e+00                   2.148893e+00
         596              1.635615e+00                   2.064738e+00
         597              1.635615e+00                   1.842280e+00
         598              1.635615e+00                   2.335592e+00
         599              1.635615e+00                   1.950333e+00
         600              1.635615e+00                   2.027363e+00
         601              1.635615e+00                   1.826463e+00
         602              1.635615e+00                   1.828944e+00
         603              1.635615e+00                   1.894124e+00
         604              1.635615e+00                   1.903899e+00
         605              1.635615e+00                   1.913505e+00
         606              1.635615e+00                   1.938431e+00
         607              1.635615e+00                   1.933356e+00
         608              1.635615e+00                   2.046975e+00
         609              1.635615e+00                   2.337534e+00
         610              1.635615e+00                   1.987446e+00
         611              1.635615e+00                   2.386203e+00
         612              1.635615e+00                   1.855096e+00
         613              1.635615e+00                   1.815894e+00
         614              1.635615e+00                   1.712883e+00
         615              1.635615e+00                   1.756739e+00
         616              1.635615e+00                   1.962313e+00
         617              1.635615e+00                   1.742374e+00
         618              1.635615e+00                   1.946761e+00
         619              1.635615e+00                   1.713513e+00
         620              1.635615e+00                   1.671292e+00
         621              1.635615e+00                   1.808861e+00
         622              1.635615e+00                   1.925804e+00
         623              1.635615e+00                   2.126914e+00
         624              1.635615e+00                   1.999331e+00
         625              1.635615e+00                   1.786382e+00
         626              1.635615e+00                   2.021135e+00
         627              1.635615e+00                   2.173296e+00
         628              1.635615e+00                   1.992168e+00
         629              1.635615e+00                   1.962210e+00
         630              1.635615e+00                   2.485427e+00
         631              1.635615e+00                   2.587938e+00
         632              1.635615e+00                   2.082178e+00
         633              1.635615e+00                   2.164002e+00
         634              1.635615e+00                   1.952508e+00
         635              1.635615e+00                   2.205073e+00
         636              1.635615e+00                   2.054162e+00
         637              1.635615e+00                   1.969767e+00
         638              1.635615e+00                   2.138826e+00
         639              1.635615e+00                   2.782606e+00
         640              1.635615e+00                   2.474680e+00
         641              1.635615e+00                   2.486274e+00
         642              1.635615e+00                   2.454744e+00
         643              1.635615e+00                   2.239712e+00
         644              1.635615e+00                   2.441461e+00
         645              1.635615e+00                   2.188466e+00
         646              1.635615e+00                   2.303982e+00
         647              1.635615e+00                   2.142419e+00
         648              1.635615e+00                   2.061307e+00
         649              1.635615e+00                   2.369949e+00
         650              1.635615e+00                   2.006037e+00
         651              1.635615e+00                   2.014588e+00
         652              1.635615e+00                   1.973569e+00
         653              1.635615e+00                   2.321565e+00
         654              1.635615e+00                   2.305267e+00
         655              1.635615e+00                   2.032635e+00
         656              1.635615e+00                   2.238591e+00
         657              1.635615e+00                   2.208109e+00
         658              1.635615e+00                   2.546707e+00
         659              1.635615e+00                   2.051867e+00
         660              1.635615e+00                   1.969030e+00
         661              1.635615e+00                   1.941188e+00
         662              1.635615e+00                   2.273706e+00
         663              1.635615e+00                   1.977681e+00
         664              1.635615e+00                   2.152409e+00
         665              1.635615e+00                   1.949943e+00
         666              1.635615e+00                   2.373195e+00
         667              1.635615e+00                   2.591958e+00
         668              1.635615e+00                   2.354023e+00
         669              1.635615e+00                   2.044073e+00
         670              1.635615e+00                   1.861115e+00
         671              1.635615e+00                   2.043452e+00
         672              1.635615e+00                   1.838929e+00
         673              1.635615e+00                   2.025250e+00
         674              1.635615e+00                   2.072690e+00
         675              1.635615e+00                   1.837531e+00
         676              1.635615e+00                   2.109425e+00
         677              1.635615e+00                   2.169756e+00
         678              1.635615e+00                   2.135443e+00
         679              1.635615e+00                   1.832142e+00
         680              1.635615e+00                   2.086535e+00
         681              1.635615e+00                   2.003807e+00
         682              1.635615e+00                   2.063182e+00
         683              1.635615e+00                   1.988497e+00
         684              1.635615e+00                   1.845517e+00
         685              1.635615e+00                   1.863585e+00
         686              1.635615e+00                   2.079639e+00
         687              1.635615e+00                   1.948027e+00
         688              1.635615e+00                   1.911681e+00
         689              1.635615e+00                   2.100081e+00
         690              1.635615e+00                   2.140821e+00
         691              1.635615e+00                   2.241892e+00
         692              1.635615e+00                   2.702586e+00
         693              1.635615e+00                   2.802710e+00
         694              1.635615e+00                   2.184396e+00
         695              1.635615e+00                   2.243877e+00
         696              1.635615e+00                   2.301844e+00
         697              1.635615e+00                   1.998092e+00
         698              1.635615e+00                   1.925398e+00
         699              1.635615e+00                   1.898913e+00
         700              1.635615e+00                   1.910463e+00
         701              1.635615e+00                   2.129900e+00
         702              1.635615e+00                   2.136499e+00
         703              1.635615e+00                   1.952709e+00
         704              1.635615e+00                   2.173907e+00
         705              1.635615e+00                   1.993851e+00
         706              1.635615e+00                   2.414310e+00
         707              1.635615e+00                   2.432437e+00
         708              1.635615e+00                   2.426584e+00
         709              1.635615e+00                   2.071419e+00
         710              1.635615e+00                   2.275688e+00
         711              1.635615e+00                   2.033176e+00
         712              1.635615e+00                   2.370801e+00
         713              1.635615e+00                   2.334262e+00
         714              1.635615e+00                   2.639594e+00
         715              1.635615e+00                   2.596414e+00
         716              1.635615e+00                   2.182645e+00
         717              1.635615e+00                   2.214614e+00
         718              1.635615e+00                   1.860962e+00
         719              1.635615e+00                   2.361358e+00
         720              1.635615e+00                   2.495702e+00
         721              1.635615e+00                   2.362802e+00
         722              1.635615e+00                   2.398556e+00
         723              1.635615e+00                   1.971167e+00
         724              1.635615e+00                   1.906601e+00
         725              1.635615e+00                   1.827648e+00
         726              1.635615e+00                   2.092978e+00
         727              1.635615e+00                   2.822552e+00
         728              1.635615e+00                   2.214712e+00
         729              1.635615e+00                   2.189670e+00
         730              1.635615e+00                   2.360150e+00
         731              1.635615e+00                   2.287293e+00
         732              1.635615e+00                   2.194247e+00
         733              1.635615e+00                   2.449956e+00
         734              1.635615e+00                   2.211576e+00
         735              1.635615e+00                   1.981949e+00
         736              1.635615e+00                   2.037696e+00
         737              1.635615e+00                   2.074043e+00
         738              1.635615e+00                   1.824508e+00
         739              1.635615e+00                   1.880435e+00
         740              1.635615e+00                   1.952900e+00
         741              1.635615e+00                   1.906223e+00
         742              1.635615e+00                   1.807861e+00
         743              1.635615e+00                   1.779445e+00
         744              1.635615e+00                   1.893069e+00
         745              1.635615e+00                   1.963430e+00
         746              1.635615e+00                   2.020437e+00
         747              1.635615e+00                   2.552540e+00
         748              1.635615e+00                   2.375805e+00
         749              1.635615e+00                   1.774486e+00
         750              1.635615e+00                   1.799128e+00
         751              1.635615e+00                   2.105894e+00
         752              1.635615e+00                   2.212058e+00
         753              1.635615e+00                   2.725550e+00
         754              1.635615e+00                   2.284211e+00
         755              1.635615e+00                   2.133441e+00
         756              1.635615e+00                   1.960960e+00
         757              1.635615e+00                   1.998725e+00
         758              1.635615e+00                   2.063860e+00
         759              1.635615e+00                   2.302371e+00
         760              1.635615e+00                   1.937827e+00
         761              1.635615e+00                   1.971821e+00
         762              1.635615e+00                   1.941198e+00
         763              1.635615e+00                   2.397321e+00
         764              1.635615e+00                   2.257333e+00
         765              1.635615e+00                   1.748482e+00
         766              1.635615e+00                   1.724014e+00
         767              1.635615e+00                   2.018577e+00
         768              1.635615e+00                   2.278495e+00
         769              1.635615e+00                   1.993181e+00
         770              1.635615e+00                   1.975724e+00
         771              1.635615e+00                   1.828065e+00
         772              1.635615e+00                   1.902839e+00
         773              1.635615e+00                   2.092755e+00
         774              1.635615e+00                   2.305015e+00
         775              1.635615e+00                   2.011909e+00
         776              1.635615e+00                   2.083722e+00
         777              1.635615e+00                   2.474452e+00
         778              1.635615e+00                   2.108908e+00
         779              1.635615e+00                   2.599579e+00
         780              1.635615e+00                   2.127895e+00
         781              1.635615e+00                   2.236452e+00
         782              1.635615e+00                   2.519491e+00
         783              1.635615e+00                   2.618801e+00
         784              1.635615e+00                   2.277264e+00
         785              1.635615e+00                   2.542819e+00
         786              1.635615e+00                   2.370827e+00
         787              1.635615e+00                   2.004535e+00
         788              1.635615e+00                   2.037430e+00
         789              1.635615e+00                   2.295297e+00
         790              1.635615e+00                   1.895016e+00
         791              1.635615e+00                   1.895394e+00
         792              1.635615e+00                   2.085874e+00
         793              1.635615e+00                   1.812713e+00
         794              1.635615e+00                   2.004022e+00
         795              1.635615e+00                   2.071064e+00
         796              1.635615e+00                   2.103351e+00
         797              1.635615e+00                   1.966056e+00
         798              1.635615e+00                   1.913435e+00
         799              1.635615e+00                   1.967141e+00
         800              1.635615e+00                   1.831786e+00
